<?xml version="1.0" encoding="UTF-8"?>
<testng-results skipped="0" failed="1" total="2" passed="1">
  <reporter-output>
  </reporter-output>
  <suite name="Default suite" duration-ms="54546" started-at="2016-02-17T13:22:24Z" finished-at="2016-02-17T13:23:18Z">
    <groups>
      <group name="Regression">
        <method signature="DriverScript.feature()[pri:0, instance:scripts.DriverScript@725bef66]" name="feature" class="scripts.DriverScript"/>
        <method signature="DriverScript.reportAbug()[pri:0, instance:scripts.DriverScript@725bef66]" name="reportAbug" class="scripts.DriverScript"/>
      </group> <!-- Regression -->
    </groups>
    <test name="Default test" duration-ms="54546" started-at="2016-02-17T13:22:24Z" finished-at="2016-02-17T13:23:18Z">
      <class name="scripts.DriverScript">
        <test-method status="PASS" signature="data()[pri:0, instance:scripts.DriverScript@725bef66]" name="data" is-config="true" duration-ms="14" started-at="2016-02-17T18:52:24Z" finished-at="2016-02-17T18:52:24Z">
          <reporter-output>
          </reporter-output>
        </test-method> <!-- data -->
        <test-method status="PASS" signature="test_start()[pri:0, instance:scripts.DriverScript@725bef66]" name="test_start" is-config="true" duration-ms="12571" started-at="2016-02-17T18:52:24Z" finished-at="2016-02-17T18:52:36Z">
          <reporter-output>
          </reporter-output>
        </test-method> <!-- test_start -->
        <test-method status="PASS" signature="reportAbug()[pri:0, instance:scripts.DriverScript@725bef66]" name="reportAbug" duration-ms="14705" started-at="2016-02-17T18:52:36Z" description="Bug Reporting" finished-at="2016-02-17T18:52:51Z">
          <reporter-output>
          </reporter-output>
        </test-method> <!-- reportAbug -->
        <test-method status="PASS" signature="exit()[pri:0, instance:scripts.DriverScript@725bef66]" name="exit" is-config="true" duration-ms="1396" started-at="2016-02-17T18:52:51Z" finished-at="2016-02-17T18:52:52Z">
          <reporter-output>
          </reporter-output>
        </test-method> <!-- exit -->
        <test-method status="PASS" signature="test_start()[pri:0, instance:scripts.DriverScript@725bef66]" name="test_start" is-config="true" duration-ms="7387" started-at="2016-02-17T18:52:52Z" finished-at="2016-02-17T18:53:00Z">
          <reporter-output>
          </reporter-output>
        </test-method> <!-- test_start -->
        <test-method status="FAIL" signature="feature()[pri:0, instance:scripts.DriverScript@725bef66]" name="feature" duration-ms="14226" started-at="2016-02-17T18:53:00Z" description="Bug Reporting" finished-at="2016-02-17T18:53:14Z">
          <exception class="java.lang.AssertionError">
            <message>
              <![CDATA[VALIDATION: Feature header is present ' DOES NOT match with actual value 'Features]]>
            </message>
            <full-stacktrace>
              <![CDATA[java.lang.AssertionError: VALIDATION: Feature header is present ' DOES NOT match with actual value 'Features
	at com.testng.SonnetTestNGAssertions.throwException(SonnetTestNGAssertions.java:259)
	at com.testng.SonnetTestNGAssertions.equals(SonnetTestNGAssertions.java:90)
	at test.webdriver.SonnetAction.performAssertion(SonnetAction.java:748)
	at test.webdriver.SonnetAction.validate(SonnetAction.java:678)
	at pageClass.pageView.navigateToFeaturetTab(pageView.java:68)
	at scripts.DriverScript.feature(DriverScript.java:40)
	at sun.reflect.NativeMethodAccessorImpl.invoke0(Native Method)
	at sun.reflect.NativeMethodAccessorImpl.invoke(NativeMethodAccessorImpl.java:62)
	at sun.reflect.DelegatingMethodAccessorImpl.invoke(DelegatingMethodAccessorImpl.java:43)
	at java.lang.reflect.Method.invoke(Method.java:483)
	at org.testng.internal.MethodInvocationHelper.invokeMethod(MethodInvocationHelper.java:84)
	at org.testng.internal.Invoker.invokeMethod(Invoker.java:714)
	at org.testng.internal.Invoker.invokeTestMethod(Invoker.java:901)
	at org.testng.internal.Invoker.invokeTestMethods(Invoker.java:1231)
	at org.testng.internal.TestMethodWorker.invokeTestMethods(TestMethodWorker.java:127)
	at org.testng.internal.TestMethodWorker.run(TestMethodWorker.java:111)
	at org.testng.TestRunner.privateRun(TestRunner.java:767)
	at org.testng.TestRunner.run(TestRunner.java:617)
	at org.testng.SuiteRunner.runTest(SuiteRunner.java:334)
	at org.testng.SuiteRunner.runSequentially(SuiteRunner.java:329)
	at org.testng.SuiteRunner.privateRun(SuiteRunner.java:291)
	at org.testng.SuiteRunner.run(SuiteRunner.java:240)
	at org.testng.SuiteRunnerWorker.runSuite(SuiteRunnerWorker.java:52)
	at org.testng.SuiteRunnerWorker.run(SuiteRunnerWorker.java:86)
	at org.testng.TestNG.runSuitesSequentially(TestNG.java:1224)
	at org.testng.TestNG.runSuitesLocally(TestNG.java:1149)
	at org.testng.TestNG.run(TestNG.java:1057)
	at org.testng.remote.RemoteTestNG.run(RemoteTestNG.java:111)
	at org.testng.remote.RemoteTestNG.initAndRun(RemoteTestNG.java:204)
	at org.testng.remote.RemoteTestNG.main(RemoteTestNG.java:175)
]]>
            </full-stacktrace>
          </exception> <!-- java.lang.AssertionError -->
          <reporter-output>
          </reporter-output>
        </test-method> <!-- feature -->
        <test-method status="PASS" signature="exit()[pri:0, instance:scripts.DriverScript@725bef66]" name="exit" is-config="true" duration-ms="1515" started-at="2016-02-17T18:53:17Z" finished-at="2016-02-17T18:53:18Z">
          <reporter-output>
          </reporter-output>
        </test-method> <!-- exit -->
      </class> <!-- scripts.DriverScript -->
    </test> <!-- Default test -->
  </suite> <!-- Default suite -->
</testng-results>
